<?xml version="1.0" encoding="UTF-8"?>
<!-- Generated by org.testng.reporters.JUnitXMLReporter -->
<testsuite ignored="0" hostname="LAPTOP-ERVA37G4" failures="0" tests="20" name="Test" time="109.662" errors="0" timestamp="2026-02-11T20:29:49 IST">
  <testcase classname="Advance_Selenium_.TC_005_" name="sendMail" time="4.923"/>
  <testcase classname="Advance_Selenium_.TC_004_" name="shoppingCart" time="4.136"/>
  <testcase classname="Advance_Selenium_.TC_007_" name="wishList" time="5.446"/>
  <testcase classname="Advance_Selenium_.TC_015_" name="AddtocartMultileItems" time="10.7"/>
  <testcase classname="Advance_Selenium_.TC_016_" name="aad" time="15.287"/>
  <testcase classname="Advance_Selenium_.TC_006_" name="checkOut" time="5.27"/>
  <testcase classname="Advance_Selenium_.TC_018_" name="s" time="6.597"/>
  <testcase classname="Advance_Selenium_.TC_001_" name="tocheckbookspage" time="1.248"/>
  <testcase classname="Advance_Selenium_.TC_017_" name="Add_New_Address" time="11.715"/>
  <testcase classname="Advance_Selenium_.TC_011_" name="Allproducttags" time="1.777"/>
  <testcase classname="Advance_Selenium_.TC_003_" name="toCheckShoppingCartPage" time="1.814"/>
  <testcase classname="Advance_Selenium_.TC_012_" name="ContactUs" time="14.167"/>
  <testcase classname="Advance_Selenium_.TC_002_" name="tocheckComputersPage" time="2.251"/>
  <testcase classname="Advance_Selenium_.TC_014_" name="NewProducts" time="13.455"/>
  <testcase classname="Advance_Selenium_.TC_013_" name="Search" time="9.457"/>
  <testcase classname="Advance_Selenium_.TC_010_" name="Compareproducts" time="9.186"/>
  <testcase classname="Advance_Selenium_.TC_008_" name="ComputerAndInternet" time="8.947"/>
  <testcase classname="Advance_Selenium_.TC_020_" name="orders" time="18.621"/>
  <testcase classname="Advance_Selenium_.TC_009_" name="TopMenu" time="17.642"/>
  <testcase classname="Advance_Selenium_.TC_019_" name="Comment" time="28.226"/>
</testsuite> <!-- Test -->
