<?xml version="1.0" encoding="UTF-8"?>
<testng-results ignored="0" total="1" passed="1" failed="0" skipped="0">
  <reporter-output>
    <line>
      <![CDATA[Browser got Launched]]>
    </line>
    <line>
      <![CDATA[Swag Labs]]>
    </line>
    <line>
      <![CDATA[login successfuly]]>
    </line>
    <line>
      <![CDATA[logout successfully]]>
    </line>
    <line>
      <![CDATA[browser got closed]]>
    </line>
  </reporter-output>
  <suite started-at="2026-05-07T11:52:14 IST" name="Default suite" finished-at="2026-05-07T11:52:20 IST" duration-ms="6313">
    <groups>
    </groups>
    <test started-at="2026-05-07T11:52:14 IST" name="Default test" finished-at="2026-05-07T11:52:20 IST" duration-ms="6313">
      <class name="project_for_own.p_tc_001">
        <test-method is-config="true" signature="toLaunch()[pri:0, instance:project_for_own.p_tc_001@702657cc]" started-at="2026-05-07T11:52:14 IST" name="toLaunch" finished-at="2026-05-07T11:52:16 IST" duration-ms="2591" status="PASS">
          <reporter-output>
            <line>
              <![CDATA[Browser got Launched]]>
            </line>
          </reporter-output>
        </test-method> <!-- toLaunch -->
        <test-method is-config="true" signature="toLogin()[pri:0, instance:project_for_own.p_tc_001@702657cc]" started-at="2026-05-07T11:52:16 IST" name="toLogin" finished-at="2026-05-07T11:52:18 IST" duration-ms="1767" status="PASS">
          <reporter-output>
            <line>
              <![CDATA[Swag Labs]]>
            </line>
            <line>
              <![CDATA[login successfuly]]>
            </line>
          </reporter-output>
        </test-method> <!-- toLogin -->
        <test-method signature="toclickonitem1()[pri:0, instance:project_for_own.p_tc_001@702657cc]" started-at="2026-05-07T11:52:18 IST" name="toclickonitem1" finished-at="2026-05-07T11:52:19 IST" duration-ms="1096" status="PASS">
          <reporter-output>
          </reporter-output>
        </test-method> <!-- toclickonitem1 -->
        <test-method is-config="true" signature="toLogout()[pri:0, instance:project_for_own.p_tc_001@702657cc]" started-at="2026-05-07T11:52:19 IST" name="toLogout" finished-at="2026-05-07T11:52:20 IST" duration-ms="393" status="PASS">
          <reporter-output>
            <line>
              <![CDATA[logout successfully]]>
            </line>
          </reporter-output>
        </test-method> <!-- toLogout -->
        <test-method is-config="true" signature="toClose()[pri:0, instance:project_for_own.p_tc_001@702657cc]" started-at="2026-05-07T11:52:20 IST" name="toClose" finished-at="2026-05-07T11:52:20 IST" duration-ms="344" status="PASS">
          <reporter-output>
            <line>
              <![CDATA[browser got closed]]>
            </line>
          </reporter-output>
        </test-method> <!-- toClose -->
      </class> <!-- project_for_own.p_tc_001 -->
    </test> <!-- Default test -->
  </suite> <!-- Default suite -->
</testng-results>
