<?xml version="1.0" encoding="UTF-8"?>
<!-- Generated by org.testng.reporters.JUnitReportReporter -->
<testsuite hostname="LAPTOP-ERVA37G4" failures="0" tests="1" name="cars_TestNG.ToLaunch_ferrari_TestNG" time="10.487" errors="0" timestamp="2026-01-02T11:51:55 IST" skipped="0">
  <testcase classname="cars_TestNG.ToLaunch_ferrari_TestNG" name="Ferrari" time="10.487">
    <system-out>
      <![CDATA[Ferrari got Launched]]>
    </system-out>
  </testcase> <!-- Ferrari -->
  <system-out>
    <![CDATA[Porsche got Launched
BMW got Launched
Rolls_Royce got Launched
Benz got Launched
Ferrari got Launched]]>
  </system-out>
</testsuite> <!-- cars_TestNG.ToLaunch_ferrari_TestNG -->
