<?xml version="1.0" encoding="UTF-8"?>
<!-- Generated by org.testng.reporters.JUnitReportReporter -->
<testsuite hostname="LAPTOP-ERVA37G4" failures="0" tests="1" name="Advance_Selenium_.TC_013_" time="18.828" errors="0" timestamp="2026-02-11T20:29:49 IST" skipped="0">
  <testcase classname="Advance_Selenium_.TC_013_" name="Search" time="18.828">
    <system-out>
      <![CDATA[Successfully Navigated to Copy of Computing and Internet EX page]]>
    </system-out>
  </testcase> <!-- Search -->
  <system-out>
    <![CDATA[Browser got Launched
Browser got Launched
Browser got Launched
Browser got Launched
Browser got Launched
Browser got Maximized
Browser got Maximized
Browser got Maximized
Browser got Maximized
Browser got Maximized
Navigated Successfully to Demowebshop
Navigated Successfully to Demowebshop
Navigated Successfully to Demowebshop
Navigated Successfully to Demowebshop
Navigated Successfully to Demowebshop
Logged in successfuly to Demowebshop
Logged in successfuly to Demowebshop
Logged in successfuly to Demowebshop
Logged in successfuly to Demowebshop
Logged in successfuly to Demowebshop
Succesfully Your message has been sent
Navigated to Shopping cart Page Successfully
Logged out successfully from Demowebshop
Browser got Closed
Logged out successfully from Demowebshop
Browser got Closed
Successfully Navigated to Wishlist page
Logged out successfully from Demowebshop
Browser got Closed
Browser got Launched
Browser got Launched
Browser got Maximized
Browser got Maximized
Successfully Navigated to Shopping cart page
Browser got Launched
Browser got Maximized
Navigated Successfully to Demowebshop
Navigated Successfully to Demowebshop
Logged out successfully from Demowebshop
Browser got Closed
Browser got Launched
Browser got Maximized
Successfully Navigated to My account - Change password page
Logged in successfuly to Demowebshop
Navigated Successfully to Demowebshop
Logged in successfuly to Demowebshop
Logged out successfully from Demowebshop
Browser got Closed
Navigated Successfully to Demowebshop
Logged in successfuly to Demowebshop
Browser got Launched
Browser got Maximized
Successfully Navigated to Checkout page
Navigated Successfully to Demowebshop
Successfully Navigated to Message sent page
Logged out successfully from Demowebshop
Browser got Closed
Logged in successfuly to Demowebshop
Logged out successfully from Demowebshop
Browser got Closed
Navigated succesfully to Books Page 
Browser got Launched
Logged in successfuly to Demowebshop
Browser got Maximized
Logged out successfully from Demowebshop
Browser got Closed
Browser got Launched
Browser got Maximized
Browser got Launched
Browser got Maximized
Navigated Successfully to Demowebshop
Navigated Successfully to Demowebshop
Successfully Navigated to My account - Addresses page
Navigated Successfully to Demowebshop
Logged out successfully from Demowebshop
Browser got Closed
Logged in successfuly to Demowebshop
Successfully Navigated to All product tags page
Logged in successfuly to Demowebshop
Logged in successfuly to Demowebshop
Browser got Launched
Browser got Maximized
Logged out successfully from Demowebshop
Browser got Closed
Navigated to Computers Page Successfully
Logged out successfully from Demowebshop
Browser got Closed
Successfully Navigated to Contact Us page
Browser got Launched
Browser got Maximized
Navigated Successfully to Demowebshop
Logged out successfully from Demowebshop
Browser got Closed
Browser got Launched
Browser got Maximized
Navigated Successfully to Demowebshop
Logged in successfuly to Demowebshop
Browser got Launched
Browser got Maximized
Navigated Successfully to Demowebshop
Navigated to Computers Page Successfully
Logged in successfuly to Demowebshop
Logged out successfully from Demowebshop
Browser got Closed
Navigated Successfully to Demowebshop
Logged in successfuly to Demowebshop
Successfully Navigated to New products page
Browser got Launched
Browser got Maximized
Logged out successfully from Demowebshop
Browser got Closed
Logged in successfuly to Demowebshop
Browser got Launched
Browser got Maximized
Navigated Successfully to Demowebshop
Successfully Navigated to Copy of Computing and Internet EX page
Navigated Successfully to Demowebshop
Successfully Navigated to Compare products page
Logged out successfully from Demowebshop
Browser got Closed
Logged out successfully from Demowebshop
Browser got Closed
Logged in successfuly to Demowebshop
Logged in successfuly to Demowebshop
Browser got Launched
Browser got Maximized
Navigated Successfully to Demowebshop
Logged in successfuly to Demowebshop
Successfully Navigated to Computing and Internet page
Successfully Navigated to Thank you page
Logged out successfully from Demowebshop
Browser got Closed
Logged out successfully from Demowebshop
Browser got Closed
Successfully Navigated to Gift Cards page
Logged out successfully from Demowebshop
Browser got Closed
Successfully Navigated to Customer Service - Client Service page
Logged out successfully from Demowebshop
Browser got Closed]]>
  </system-out>
</testsuite> <!-- Advance_Selenium_.TC_013_ -->
