<?xml version="1.0" encoding="UTF-8"?>
<!-- Generated by org.testng.reporters.JUnitReportReporter -->
<testsuite hostname="LAPTOP-ERVA37G4" failures="0" tests="1" name="cars_TestNG.ToLaunch_BMW_TestNG" time="9.951" errors="0" timestamp="2026-01-02T11:51:55 IST" skipped="0">
  <testcase classname="cars_TestNG.ToLaunch_BMW_TestNG" name="BMW" time="9.951">
    <system-out>
      <![CDATA[BMW got Launched]]>
    </system-out>
  </testcase> <!-- BMW -->
  <system-out>
    <![CDATA[Porsche got Launched
BMW got Launched
Rolls_Royce got Launched
Benz got Launched
Ferrari got Launched]]>
  </system-out>
</testsuite> <!-- cars_TestNG.ToLaunch_BMW_TestNG -->
