<?xml version="1.0" encoding="UTF-8"?>
<!-- Generated by org.testng.reporters.JUnitReportReporter -->
<testsuite hostname="LAPTOP-ERVA37G4" failures="0" tests="1" name="Advance_Selenium_.ToLearnAbout_Configuration_Annotations_" time="0.006" errors="0" timestamp="2025-12-30T12:08:37 IST" skipped="0">
  <testcase classname="Advance_Selenium_.ToLearnAbout_Configuration_Annotations_" name="testcase" time="0.006">
    <system-out>
      <![CDATA[Test case got executed]]>
    </system-out>
  </testcase> <!-- testcase -->
  <system-out>
    <![CDATA[Before suite got executed 
Before test got executed
Before class got executed
Before method got executed
Test case got executed
After method got executed
After class got executed
After test got executed
After suite got executed]]>
  </system-out>
</testsuite> <!-- Advance_Selenium_.ToLearnAbout_Configuration_Annotations_ -->
