<?xml version="1.0" encoding="UTF-8"?>
<!-- Generated by org.testng.reporters.JUnitReportReporter -->
<testsuite hostname="LAPTOP-ERVA37G4" failures="0" tests="16" name="Advance_Selenium_.ToLearnAbout_TestNG_with_invocationCount_and_Threadpoolsize" time="115.988" errors="0" timestamp="2025-12-30T14:51:46 IST" skipped="0">
  <testcase classname="Advance_Selenium_.ToLearnAbout_TestNG_with_invocationCount_and_Threadpoolsize" name="cricbuzz" time="10.595">
    <system-out>
      <![CDATA[Cricbuzz got Executed]]>
    </system-out>
  </testcase> <!-- cricbuzz -->
  <testcase classname="Advance_Selenium_.ToLearnAbout_TestNG_with_invocationCount_and_Threadpoolsize" name="amazon" time="4.370">
    <system-out>
      <![CDATA[amazon got Executed]]>
    </system-out>
  </testcase> <!-- amazon -->
  <testcase classname="Advance_Selenium_.ToLearnAbout_TestNG_with_invocationCount_and_Threadpoolsize" name="baskinRobbins" time="9.327">
    <system-out>
      <![CDATA[baskinRobbins got Executed]]>
    </system-out>
  </testcase> <!-- baskinRobbins -->
  <testcase classname="Advance_Selenium_.ToLearnAbout_TestNG_with_invocationCount_and_Threadpoolsize" name="amazon" time="4.997">
    <system-out>
      <![CDATA[amazon got Executed]]>
    </system-out>
  </testcase> <!-- amazon -->
  <testcase classname="Advance_Selenium_.ToLearnAbout_TestNG_with_invocationCount_and_Threadpoolsize" name="cricbuzz" time="10.771">
    <system-out>
      <![CDATA[Cricbuzz got Executed]]>
    </system-out>
  </testcase> <!-- cricbuzz -->
  <testcase classname="Advance_Selenium_.ToLearnAbout_TestNG_with_invocationCount_and_Threadpoolsize" name="amazon" time="4.977">
    <system-out>
      <![CDATA[amazon got Executed]]>
    </system-out>
  </testcase> <!-- amazon -->
  <testcase classname="Advance_Selenium_.ToLearnAbout_TestNG_with_invocationCount_and_Threadpoolsize" name="baskinRobbins" time="9.424">
    <system-out>
      <![CDATA[baskinRobbins got Executed]]>
    </system-out>
  </testcase> <!-- baskinRobbins -->
  <testcase classname="Advance_Selenium_.ToLearnAbout_TestNG_with_invocationCount_and_Threadpoolsize" name="cricbuzz" time="10.818">
    <system-out>
      <![CDATA[Cricbuzz got Executed]]>
    </system-out>
  </testcase> <!-- cricbuzz -->
  <testcase classname="Advance_Selenium_.ToLearnAbout_TestNG_with_invocationCount_and_Threadpoolsize" name="amazon" time="5.017">
    <system-out>
      <![CDATA[amazon got Executed]]>
    </system-out>
  </testcase> <!-- amazon -->
  <testcase classname="Advance_Selenium_.ToLearnAbout_TestNG_with_invocationCount_and_Threadpoolsize" name="cricbuzz" time="10.351">
    <system-out>
      <![CDATA[Cricbuzz got Executed]]>
    </system-out>
  </testcase> <!-- cricbuzz -->
  <testcase classname="Advance_Selenium_.ToLearnAbout_TestNG_with_invocationCount_and_Threadpoolsize" name="amazon" time="4.938">
    <system-out>
      <![CDATA[amazon got Executed]]>
    </system-out>
  </testcase> <!-- amazon -->
  <testcase classname="Advance_Selenium_.ToLearnAbout_TestNG_with_invocationCount_and_Threadpoolsize" name="amazon" time="5.138">
    <system-out>
      <![CDATA[amazon got Executed]]>
    </system-out>
  </testcase> <!-- amazon -->
  <testcase classname="Advance_Selenium_.ToLearnAbout_TestNG_with_invocationCount_and_Threadpoolsize" name="amazon" time="4.693">
    <system-out>
      <![CDATA[amazon got Executed]]>
    </system-out>
  </testcase> <!-- amazon -->
  <testcase classname="Advance_Selenium_.ToLearnAbout_TestNG_with_invocationCount_and_Threadpoolsize" name="baskinRobbins" time="4.904">
    <system-out>
      <![CDATA[baskinRobbins got Executed]]>
    </system-out>
  </testcase> <!-- baskinRobbins -->
  <testcase classname="Advance_Selenium_.ToLearnAbout_TestNG_with_invocationCount_and_Threadpoolsize" name="amazon" time="5.183">
    <system-out>
      <![CDATA[amazon got Executed]]>
    </system-out>
  </testcase> <!-- amazon -->
  <testcase classname="Advance_Selenium_.ToLearnAbout_TestNG_with_invocationCount_and_Threadpoolsize" name="cricbuzz" time="10.485">
    <system-out>
      <![CDATA[Cricbuzz got Executed]]>
    </system-out>
  </testcase> <!-- cricbuzz -->
  <system-out>
    <![CDATA[amazon got Executed
amazon got Executed
amazon got Executed
amazon got Executed
amazon got Executed
amazon got Executed
amazon got Executed
amazon got Executed
baskinRobbins got Executed
baskinRobbins got Executed
baskinRobbins got Executed
Cricbuzz got Executed
Cricbuzz got Executed
Cricbuzz got Executed
Cricbuzz got Executed
Cricbuzz got Executed]]>
  </system-out>
</testsuite> <!-- Advance_Selenium_.ToLearnAbout_TestNG_with_invocationCount_and_Threadpoolsize -->
