<?xml version="1.0" encoding="UTF-8"?>
<!-- Generated by org.testng.reporters.JUnitReportReporter -->
<testsuite hostname="LAPTOP-ERVA37G4" failures="0" tests="1" name="cars_TestNG.ToLaunch_porsche_TestNG" time="6.155" errors="0" timestamp="2026-02-11T20:27:27 IST" skipped="0">
  <testcase classname="cars_TestNG.ToLaunch_porsche_TestNG" name="porsche" time="6.155">
    <system-out>
      <![CDATA[Porsche got Launched]]>
    </system-out>
  </testcase> <!-- porsche -->
  <system-out>
    <![CDATA[Porsche got Launched
Benz got Launched]]>
  </system-out>
</testsuite> <!-- cars_TestNG.ToLaunch_porsche_TestNG -->
