<?xml version="1.0" encoding="UTF-8"?>
<!-- Generated by org.testng.reporters.JUnitReportReporter -->
<testsuite hostname="LAPTOP-ERVA37G4" failures="0" tests="3" name="Advance_Selenium_.ToLearnAbout_DataProvider" time="8.285" errors="0" timestamp="2026-01-01T18:52:22 IST" skipped="0">
  <testcase classname="Advance_Selenium_.ToLearnAbout_DataProvider" name="testCase" time="2.107"/>
  <testcase classname="Advance_Selenium_.ToLearnAbout_DataProvider" name="testCase" time="2.096"/>
  <testcase classname="Advance_Selenium_.ToLearnAbout_DataProvider" name="testCase" time="4.082"/>
</testsuite> <!-- Advance_Selenium_.ToLearnAbout_DataProvider -->
