<?xml version="1.0" encoding="UTF-8"?>
<!-- Generated by org.testng.reporters.JUnitReportReporter -->
<testsuite hostname="LAPTOP-ERVA37G4" failures="0" tests="3" name="Advance_Selenium_.ToLearnAbout_TestNG_" time="15.391" errors="0" timestamp="2025-12-26T12:16:24 IST" skipped="0">
  <testcase classname="Advance_Selenium_.ToLearnAbout_TestNG_" name="baskinRobbins" time="9.297">
    <system-out>
      <![CDATA[baskinRobbins got Executed]]>
    </system-out>
  </testcase> <!-- baskinRobbins -->
  <testcase classname="Advance_Selenium_.ToLearnAbout_TestNG_" name="cricbuzz" time="1.808">
    <system-out>
      <![CDATA[Cricbuzz got Executed]]>
    </system-out>
  </testcase> <!-- cricbuzz -->
  <testcase classname="Advance_Selenium_.ToLearnAbout_TestNG_" name="amazon" time="4.286">
    <system-out>
      <![CDATA[amazon got Executed]]>
    </system-out>
  </testcase> <!-- amazon -->
  <system-out>
    <![CDATA[baskinRobbins got Executed
Cricbuzz got Executed
amazon got Executed]]>
  </system-out>
</testsuite> <!-- Advance_Selenium_.ToLearnAbout_TestNG_ -->
