<?xml version="1.0" encoding="UTF-8"?>
<!-- Generated by org.testng.reporters.JUnitReportReporter -->
<testsuite hostname="LAPTOP-ERVA37G4" failures="0" tests="1" name="project_for_own.p_tc_001" time="3.256" errors="0" timestamp="2026-05-07T11:52:21 IST" skipped="0">
  <testcase classname="project_for_own.p_tc_001" name="toclickonitem1" time="3.256"/>
  <system-out>
    <![CDATA[Browser got Launched
Swag Labs
login successfuly
logout successfully
browser got closed]]>
  </system-out>
</testsuite> <!-- project_for_own.p_tc_001 -->
