<?xml version="1.0" encoding="UTF-8"?>
<!-- Generated by org.testng.reporters.JUnitReportReporter -->
<testsuite hostname="LAPTOP-ERVA37G4" failures="0" tests="6" name="Advance_Selenium_.ToLearnAboutTestNG_with_invocationcount" time="10.548" errors="0" timestamp="2025-12-26T12:32:12 IST" skipped="0">
  <testcase classname="Advance_Selenium_.ToLearnAboutTestNG_with_invocationcount" name="amazon" time="2.262">
    <system-out>
      <![CDATA[amazon got Executed]]>
    </system-out>
  </testcase> <!-- amazon -->
  <testcase classname="Advance_Selenium_.ToLearnAboutTestNG_with_invocationcount" name="baskinRobbins" time="2.211">
    <system-out>
      <![CDATA[baskinRobbins got Executed]]>
    </system-out>
  </testcase> <!-- baskinRobbins -->
  <testcase classname="Advance_Selenium_.ToLearnAboutTestNG_with_invocationcount" name="amazon" time="1.549">
    <system-out>
      <![CDATA[amazon got Executed]]>
    </system-out>
  </testcase> <!-- amazon -->
  <testcase classname="Advance_Selenium_.ToLearnAboutTestNG_with_invocationcount" name="amazon" time="1.614">
    <system-out>
      <![CDATA[amazon got Executed]]>
    </system-out>
  </testcase> <!-- amazon -->
  <testcase classname="Advance_Selenium_.ToLearnAboutTestNG_with_invocationcount" name="cricbuzz" time="1.581">
    <system-out>
      <![CDATA[Cricbuzz got Executed]]>
    </system-out>
  </testcase> <!-- cricbuzz -->
  <testcase classname="Advance_Selenium_.ToLearnAboutTestNG_with_invocationcount" name="cricbuzz" time="1.331">
    <system-out>
      <![CDATA[Cricbuzz got Executed]]>
    </system-out>
  </testcase> <!-- cricbuzz -->
  <system-out>
    <![CDATA[amazon got Executed
amazon got Executed
amazon got Executed
baskinRobbins got Executed
Cricbuzz got Executed
Cricbuzz got Executed]]>
  </system-out>
</testsuite> <!-- Advance_Selenium_.ToLearnAboutTestNG_with_invocationcount -->
