<?xml version="1.0" encoding="UTF-8"?>
<!-- Generated by org.testng.reporters.JUnitReportReporter -->
<testsuite hostname="LAPTOP-ERVA37G4" failures="0" tests="1" name="Advance_Selenium_.TC_001_" time="7.204" errors="0" timestamp="2026-05-07T11:32:14 IST" skipped="0">
  <testcase classname="Advance_Selenium_.TC_001_" name="tocheckbookspage" time="7.204">
    <system-out>
      <![CDATA[Navigated succesfully to Books Page ]]>
    </system-out>
  </testcase> <!-- tocheckbookspage -->
  <system-out>
    <![CDATA[Browser got Launched
Browser got Maximized
Navigated Successfully to Demowebshop
Logged in successfuly to Demowebshop
Navigated succesfully to Books Page 
Logged out successfully from Demowebshop
Browser got Closed]]>
  </system-out>
</testsuite> <!-- Advance_Selenium_.TC_001_ -->
