<?xml version="1.0" encoding="UTF-8"?>
<!-- Generated by org.testng.reporters.JUnitReportReporter -->
<testsuite hostname="LAPTOP-ERVA37G4" failures="0" tests="3" name="Advance_Selenium_.ToLearnAbout_TestNG_with_enabled_" time="2.187" errors="0" timestamp="2025-12-29T11:26:44 IST" skipped="2">
  <testcase classname="Advance_Selenium_.ToLearnAbout_TestNG_with_enabled_" name="cricbuzz" time="2.187">
    <system-out>
      <![CDATA[Cricbuzz got Executed]]>
    </system-out>
  </testcase> <!-- cricbuzz -->
  <testcase classname="Advance_Selenium_.ToLearnAbout_TestNG_with_enabled_" name="baskinRobbins">
    <skipped/>
  </testcase> <!-- baskinRobbins -->
  <testcase classname="Advance_Selenium_.ToLearnAbout_TestNG_with_enabled_" name="amazon">
    <skipped/>
  </testcase> <!-- amazon -->
  <system-out>
    <![CDATA[Cricbuzz got Executed]]>
  </system-out>
</testsuite> <!-- Advance_Selenium_.ToLearnAbout_TestNG_with_enabled_ -->
