<?xml version="1.0" encoding="UTF-8"?>
<!-- Generated by org.testng.reporters.JUnitReportReporter -->
<testsuite hostname="LAPTOP-ERVA37G4" failures="0" tests="3" name="Advance_Selenium_.ToLearnAbout_TestNG_with_dependsOnMethods_" time="0.013" errors="0" timestamp="2025-12-30T15:45:24 IST" skipped="0">
  <testcase classname="Advance_Selenium_.ToLearnAbout_TestNG_with_dependsOnMethods_" name="createAccount" time="0.010">
    <system-out>
      <![CDATA[Account got Created]]>
    </system-out>
  </testcase> <!-- createAccount -->
  <testcase classname="Advance_Selenium_.ToLearnAbout_TestNG_with_dependsOnMethods_" name="deleteAccount" time="0.002">
    <system-out>
      <![CDATA[Account got Deleted]]>
    </system-out>
  </testcase> <!-- deleteAccount -->
  <testcase classname="Advance_Selenium_.ToLearnAbout_TestNG_with_dependsOnMethods_" name="editAccount" time="0.001">
    <system-out>
      <![CDATA[Account got Edited]]>
    </system-out>
  </testcase> <!-- editAccount -->
  <system-out>
    <![CDATA[Account got Created
Account got Edited
Account got Deleted]]>
  </system-out>
</testsuite> <!-- Advance_Selenium_.ToLearnAbout_TestNG_with_dependsOnMethods_ -->
