<?xml version="1.0" encoding="UTF-8"?>
<!-- Generated by org.testng.reporters.JUnitReportReporter -->
<testsuite hostname="LAPTOP-ERVA37G4" failures="0" tests="6" name="Advance_Selenium_.ToLearnAbout_TestNG_Priority_and_invocationCount_" time="10.112" errors="0" timestamp="2025-12-26T12:44:43 IST" skipped="0">
  <testcase classname="Advance_Selenium_.ToLearnAbout_TestNG_Priority_and_invocationCount_" name="baskinRobbins" time="2.585">
    <system-out>
      <![CDATA[baskinRobbins got Executed]]>
    </system-out>
  </testcase> <!-- baskinRobbins -->
  <testcase classname="Advance_Selenium_.ToLearnAbout_TestNG_Priority_and_invocationCount_" name="cricbuzz" time="1.820">
    <system-out>
      <![CDATA[Cricbuzz got Executed]]>
    </system-out>
  </testcase> <!-- cricbuzz -->
  <testcase classname="Advance_Selenium_.ToLearnAbout_TestNG_Priority_and_invocationCount_" name="cricbuzz" time="1.451">
    <system-out>
      <![CDATA[Cricbuzz got Executed]]>
    </system-out>
  </testcase> <!-- cricbuzz -->
  <testcase classname="Advance_Selenium_.ToLearnAbout_TestNG_Priority_and_invocationCount_" name="cricbuzz" time="1.334">
    <system-out>
      <![CDATA[Cricbuzz got Executed]]>
    </system-out>
  </testcase> <!-- cricbuzz -->
  <testcase classname="Advance_Selenium_.ToLearnAbout_TestNG_Priority_and_invocationCount_" name="amazon" time="1.496">
    <system-out>
      <![CDATA[amazon got Executed]]>
    </system-out>
  </testcase> <!-- amazon -->
  <testcase classname="Advance_Selenium_.ToLearnAbout_TestNG_Priority_and_invocationCount_" name="amazon" time="1.426">
    <system-out>
      <![CDATA[amazon got Executed]]>
    </system-out>
  </testcase> <!-- amazon -->
  <system-out>
    <![CDATA[baskinRobbins got Executed
Cricbuzz got Executed
Cricbuzz got Executed
Cricbuzz got Executed
amazon got Executed
amazon got Executed]]>
  </system-out>
</testsuite> <!-- Advance_Selenium_.ToLearnAbout_TestNG_Priority_and_invocationCount_ -->
